<?xml version="1.0" encoding="UTF-8"?>
<!-- Generated by org.testng.reporters.JUnitReportReporter -->
<testsuite hostname="Mds-MacBook-Air.home" failures="0" tests="1" name="PIIT_BootCamp.Expedia.com.Expediaa" time="57.052" errors="0" timestamp="2020-12-27T13:16:41 EST" skipped="0">
  <testcase classname="PIIT_BootCamp.Expedia.com.Expediaa" name="f" time="57.052"/>
  <system-out/>
</testsuite> <!-- PIIT_BootCamp.Expedia.com.Expediaa -->
